<?xml version="1.0" encoding="UTF-8"?>
<coverage generated="1692508597247" clover="3.2.0">
  <project timestamp="1692508597247" name="All files">
    <metrics statements="6" coveredstatements="6" conditionals="0" coveredconditionals="0" methods="5" coveredmethods="5" elements="11" coveredelements="11" complexity="0" loc="6" ncloc="6" packages="1" files="1" classes="1"/>
    <file name="funciones.js" path="/Users/oskarys/Modulo 08/actividad1/src/funciones.js">
      <metrics statements="6" coveredstatements="6" conditionals="0" coveredconditionals="0" methods="5" coveredmethods="5"/>
      <line num="2" count="1" type="stmt"/>
      <line num="6" count="1" type="stmt"/>
      <line num="11" count="1" type="stmt"/>
      <line num="12" count="1" type="stmt"/>
      <line num="13" count="1" type="stmt"/>
      <line num="18" count="3" type="stmt"/>
    </file>
  </project>
</coverage>
