{"/Users/oskarys/Modulo 08/actividad1/src/funciones.js": {"path":"/Users/oskarys/Modulo 08/actividad1/src/funciones.js","statementMap":{"0":{"start":{"line":2,"column":4},"end":{"line":2,"column":17}},"1":{"start":{"line":6,"column":4},"end":{"line":6,"column":52}},"2":{"start":{"line":11,"column":4},"end":{"line":15,"column":7}},"3":{"start":{"line":12,"column":6},"end":{"line":14,"column":14}},"4":{"start":{"line":13,"column":8},"end":{"line":13,"column":36}},"5":{"start":{"line":18,"column":2},"end":{"line":22,"column":4}}},"fnMap":{"0":{"name":"sumar","decl":{"start":{"line":1,"column":9},"end":{"line":1,"column":14}},"loc":{"start":{"line":1,"column":21},"end":{"line":3,"column":3}},"line":1},"1":{"name":"isValidEmail","decl":{"start":{"line":5,"column":11},"end":{"line":5,"column":23}},"loc":{"start":{"line":5,"column":31},"end":{"line":7,"column":3}},"line":5},"2":{"name":"asyncToUpperCase","decl":{"start":{"line":10,"column":17},"end":{"line":10,"column":33}},"loc":{"start":{"line":10,"column":40},"end":{"line":16,"column":3}},"line":10},"3":{"name":"(anonymous_3)","decl":{"start":{"line":11,"column":23},"end":{"line":11,"column":24}},"loc":{"start":{"line":11,"column":36},"end":{"line":15,"column":5}},"line":11},"4":{"name":"(anonymous_4)","decl":{"start":{"line":12,"column":17},"end":{"line":12,"column":18}},"loc":{"start":{"line":12,"column":23},"end":{"line":14,"column":7}},"line":12}},"branchMap":{},"s":{"0":1,"1":1,"2":1,"3":1,"4":1,"5":3},"f":{"0":1,"1":1,"2":1,"3":1,"4":1},"b":{},"_coverageSchema":"1a1c01bbd47fc00a2c39e90264f33305004495a9","hash":"3398e908b2403f846c940487a70b593ec40bc9ad"}
}
